<?xml version="1.0" encoding="UTF-8"?>
<!-- Generated by org.testng.reporters.JUnitXMLReporter -->
<testsuite hostname="Home" ignored="0" name="Default test" tests="3" failures="0" timestamp="07 Apr 2020 17:45:40 GMT" time="9.47" errors="0">
  <testcase name="@BeforeTest setup" time="8.868" classname="com.promoapp.qa.testcases.LoginPageTest">
    <failure type="java.lang.NullPointerException">
      <![CDATA[java.lang.NullPointerException
	at com.promoapp.qa.Base.TestBase.initialization(TestBase.java:48)
	at com.promoapp.qa.testcases.LoginPageTest.setup(LoginPageTest.java:22)
	at sun.reflect.NativeMethodAccessorImpl.invoke0(Native Method)
	at sun.reflect.NativeMethodAccessorImpl.invoke(Unknown Source)
	at sun.reflect.DelegatingMethodAccessorImpl.invoke(Unknown Source)
	at java.lang.reflect.Method.invoke(Unknown Source)
	at org.testng.internal.MethodInvocationHelper.invokeMethod(MethodInvocationHelper.java:108)
	at org.testng.internal.Invoker.invokeConfigurationMethod(Invoker.java:523)
	at org.testng.internal.Invoker.invokeConfigurations(Invoker.java:224)
	at org.testng.internal.Invoker.invokeConfigurations(Invoker.java:146)
	at org.testng.TestRunner.beforeRun(TestRunner.java:626)
	at org.testng.TestRunner.run(TestRunner.java:594)
	at org.testng.SuiteRunner.runTest(SuiteRunner.java:380)
	at org.testng.SuiteRunner.runSequentially(SuiteRunner.java:375)
	at org.testng.SuiteRunner.privateRun(SuiteRunner.java:340)
	at org.testng.SuiteRunner.run(SuiteRunner.java:289)
	at org.testng.SuiteRunnerWorker.runSuite(SuiteRunnerWorker.java:52)
	at org.testng.SuiteRunnerWorker.run(SuiteRunnerWorker.java:86)
	at org.testng.TestNG.runSuitesSequentially(TestNG.java:1301)
	at org.testng.TestNG.runSuitesLocally(TestNG.java:1226)
	at org.testng.TestNG.runSuites(TestNG.java:1144)
	at org.testng.TestNG.run(TestNG.java:1115)
	at org.testng.remote.AbstractRemoteTestNG.run(AbstractRemoteTestNG.java:115)
	at org.testng.remote.RemoteTestNG.initAndRun(RemoteTestNG.java:251)
	at org.testng.remote.RemoteTestNG.main(RemoteTestNG.java:77)
]]>
    </failure>
  </testcase> <!-- @BeforeTest setup -->
  <testcase name="@AfterTest teardown" time="0.0" classname="com.promoapp.qa.testcases.LoginPageTest">
    <skipped/>
  </testcase> <!-- @AfterTest teardown -->
  <testcase name="loginageTitleTest" time="0.081" classname="com.promoapp.qa.testcases.LoginPageTest">
    <skipped/>
  </testcase> <!-- loginageTitleTest -->
  <testcase name="promoapplogo" time="0.0" classname="com.promoapp.qa.testcases.LoginPageTest">
    <skipped/>
  </testcase> <!-- promoapplogo -->
  <testcase name="logintest" time="0.0" classname="com.promoapp.qa.testcases.LoginPageTest">
    <skipped/>
  </testcase> <!-- logintest -->
</testsuite> <!-- Default test -->
