<?xml version="1.0" encoding="UTF-8"?>
<!-- Generated by org.testng.reporters.JUnitXMLReporter -->
<testsuite hostname="Home" ignored="0" name="Default test" tests="3" failures="0" timestamp="09 Jun 2020 03:44:25 GMT" time="181.875" errors="0">
  <testcase name="loginageTitleTest" time="0.272" classname="com.promoapp.qa.testcases.LoginPageTest"/>
  <testcase name="promoapplogo" time="2.353" classname="com.promoapp.qa.testcases.LoginPageTest"/>
  <testcase name="logintest" time="10.38" classname="com.promoapp.qa.testcases.LoginPageTest"/>
</testsuite> <!-- Default test -->
