<?xml version="1.0" encoding="UTF-8"?>
<testng-results skipped="0" failed="0" ignored="0" total="3" passed="3">
  <reporter-output>
  </reporter-output>
  <suite name="Default suite" duration-ms="181875" started-at="2020-06-09T03:41:23Z" finished-at="2020-06-09T03:44:25Z">
    <groups>
    </groups>
    <test name="Default test" duration-ms="181875" started-at="2020-06-09T03:41:23Z" finished-at="2020-06-09T03:44:25Z">
      <class name="com.promoapp.qa.testcases.LoginPageTest">
        <test-method status="PASS" signature="setup()[pri:0, instance:com.promoapp.qa.testcases.LoginPageTest@5b275dab]" name="setup" is-config="true" duration-ms="136781" started-at="2020-06-09T09:11:23Z" finished-at="2020-06-09T09:13:40Z">
          <reporter-output>
          </reporter-output>
        </test-method> <!-- setup -->
        <test-method status="PASS" signature="loginageTitleTest()[pri:1, instance:com.promoapp.qa.testcases.LoginPageTest@5b275dab]" name="loginageTitleTest" duration-ms="272" started-at="2020-06-09T09:13:40Z" finished-at="2020-06-09T09:13:40Z">
          <reporter-output>
          </reporter-output>
        </test-method> <!-- loginageTitleTest -->
        <test-method status="PASS" signature="promoapplogo()[pri:2, instance:com.promoapp.qa.testcases.LoginPageTest@5b275dab]" name="promoapplogo" duration-ms="2353" started-at="2020-06-09T09:13:40Z" finished-at="2020-06-09T09:13:42Z">
          <reporter-output>
          </reporter-output>
        </test-method> <!-- promoapplogo -->
        <test-method status="PASS" signature="logintest()[pri:3, instance:com.promoapp.qa.testcases.LoginPageTest@5b275dab]" name="logintest" duration-ms="10380" started-at="2020-06-09T09:13:42Z" finished-at="2020-06-09T09:13:53Z">
          <reporter-output>
          </reporter-output>
        </test-method> <!-- logintest -->
        <test-method status="PASS" signature="teardown()[pri:0, instance:com.promoapp.qa.testcases.LoginPageTest@5b275dab]" name="teardown" is-config="true" duration-ms="31892" started-at="2020-06-09T09:13:53Z" finished-at="2020-06-09T09:14:25Z">
          <reporter-output>
          </reporter-output>
        </test-method> <!-- teardown -->
      </class> <!-- com.promoapp.qa.testcases.LoginPageTest -->
    </test> <!-- Default test -->
  </suite> <!-- Default suite -->
</testng-results>
