<?xml version="1.0" encoding="UTF-8"?>
<testng-results skipped="0" failed="1" ignored="0" total="1" passed="0">
  <reporter-output>
  </reporter-output>
  <suite name="Suite" duration-ms="14216" started-at="2020-10-01T10:49:00Z" finished-at="2020-10-01T10:49:14Z">
    <groups>
    </groups>
    <test name="Test" duration-ms="14216" started-at="2020-10-01T10:49:00Z" finished-at="2020-10-01T10:49:14Z">
      <class name="com.promoapp.qa.testcases.TestLoginPage">
        <test-method status="PASS" signature="openBrowser(java.lang.String)[pri:0, instance:com.promoapp.qa.testcases.TestLoginPage@1ffe63b9]" name="openBrowser" is-config="true" duration-ms="4952" started-at="2020-10-01T16:19:00Z" finished-at="2020-10-01T16:19:05Z">
          <params>
            <param index="0">
              <value>
                <![CDATA[chrome]]>
              </value>
            </param>
          </params>
          <reporter-output>
          </reporter-output>
        </test-method> <!-- openBrowser -->
        <test-method status="PASS" signature="openApplication()[pri:0, instance:com.promoapp.qa.testcases.TestLoginPage@1ffe63b9]" name="openApplication" is-config="true" duration-ms="1840" started-at="2020-10-01T16:19:05Z" finished-at="2020-10-01T16:19:07Z">
          <reporter-output>
          </reporter-output>
        </test-method> <!-- openApplication -->
        <test-method status="FAIL" signature="login_Test()[pri:0, instance:com.promoapp.qa.testcases.TestLoginPage@1ffe63b9]" name="login_Test" duration-ms="6515" started-at="2020-10-01T16:19:07Z" finished-at="2020-10-01T16:19:14Z">
          <exception class="org.openqa.selenium.ElementClickInterceptedException">
            <message>
              <![CDATA[element click intercepted: Element <button type="submit" class="btn btn-login ob-padding-0 h-48 ob-line-ht-48 pa-font-bold pa-font-16" style="margin-top: 0; margin-bottom: 0;">...</button> is not clickable at point (679, 500). Other element would receive the click: <div class="loader-content loader ng-isolate-scope" data-ng-show="working" style="position: absolute; top: 0px; bottom: 0px; left: 0px; right: 0px; height: 100% !important; width: 100% !important; background: rgba(0, 0, 0, 0.224); z-index: 9999;" loader="" working="loading" template="4" disable-background="true" aria-hidden="false">...</div>
  (Session info: chrome=85.0.4183.121)
Build info: version: '3.141.59', revision: 'e82be7d358', time: '2018-11-14T08:25:53'
System info: host: 'HOME', ip: '192.168.0.102', os.name: 'Windows 8.1', os.arch: 'amd64', os.version: '6.3', java.version: '1.8.0_261'
Driver info: org.openqa.selenium.chrome.ChromeDriver
Capabilities {acceptInsecureCerts: false, browserName: chrome, browserVersion: 85.0.4183.121, chrome: {chromedriverVersion: 85.0.4183.87 (cd6713ebf92fa..., userDataDir: C:\Users\Sonu\AppData\Local...}, goog:chromeOptions: {debuggerAddress: localhost:57809}, javascriptEnabled: true, networkConnectionEnabled: false, pageLoadStrategy: normal, platform: WINDOWS, platformName: WINDOWS, proxy: Proxy(), setWindowRect: true, strictFileInteractability: false, timeouts: {implicit: 0, pageLoad: 300000, script: 30000}, unhandledPromptBehavior: dismiss and notify, webauthn:virtualAuthenticators: true}
Session ID: 137b13b7e3639da53383b922107f47a3]]>
            </message>
            <full-stacktrace>
              <![CDATA[org.openqa.selenium.ElementClickInterceptedException: element click intercepted: Element <button type="submit" class="btn btn-login ob-padding-0 h-48 ob-line-ht-48 pa-font-bold pa-font-16" style="margin-top: 0; margin-bottom: 0;">...</button> is not clickable at point (679, 500). Other element would receive the click: <div class="loader-content loader ng-isolate-scope" data-ng-show="working" style="position: absolute; top: 0px; bottom: 0px; left: 0px; right: 0px; height: 100% !important; width: 100% !important; background: rgba(0, 0, 0, 0.224); z-index: 9999;" loader="" working="loading" template="4" disable-background="true" aria-hidden="false">...</div>
  (Session info: chrome=85.0.4183.121)
Build info: version: '3.141.59', revision: 'e82be7d358', time: '2018-11-14T08:25:53'
System info: host: 'HOME', ip: '192.168.0.102', os.name: 'Windows 8.1', os.arch: 'amd64', os.version: '6.3', java.version: '1.8.0_261'
Driver info: org.openqa.selenium.chrome.ChromeDriver
Capabilities {acceptInsecureCerts: false, browserName: chrome, browserVersion: 85.0.4183.121, chrome: {chromedriverVersion: 85.0.4183.87 (cd6713ebf92fa..., userDataDir: C:\Users\Sonu\AppData\Local...}, goog:chromeOptions: {debuggerAddress: localhost:57809}, javascriptEnabled: true, networkConnectionEnabled: false, pageLoadStrategy: normal, platform: WINDOWS, platformName: WINDOWS, proxy: Proxy(), setWindowRect: true, strictFileInteractability: false, timeouts: {implicit: 0, pageLoad: 300000, script: 30000}, unhandledPromptBehavior: dismiss and notify, webauthn:virtualAuthenticators: true}
Session ID: 137b13b7e3639da53383b922107f47a3
	at sun.reflect.NativeConstructorAccessorImpl.newInstance0(Native Method)
	at sun.reflect.NativeConstructorAccessorImpl.newInstance(Unknown Source)
	at sun.reflect.DelegatingConstructorAccessorImpl.newInstance(Unknown Source)
	at java.lang.reflect.Constructor.newInstance(Unknown Source)
	at org.openqa.selenium.remote.http.W3CHttpResponseCodec.createException(W3CHttpResponseCodec.java:187)
	at org.openqa.selenium.remote.http.W3CHttpResponseCodec.decode(W3CHttpResponseCodec.java:122)
	at org.openqa.selenium.remote.http.W3CHttpResponseCodec.decode(W3CHttpResponseCodec.java:49)
	at org.openqa.selenium.remote.HttpCommandExecutor.execute(HttpCommandExecutor.java:158)
	at org.openqa.selenium.remote.service.DriverCommandExecutor.execute(DriverCommandExecutor.java:83)
	at org.openqa.selenium.remote.RemoteWebDriver.execute(RemoteWebDriver.java:552)
	at org.openqa.selenium.remote.RemoteWebElement.execute(RemoteWebElement.java:285)
	at org.openqa.selenium.remote.RemoteWebElement.click(RemoteWebElement.java:84)
	at sun.reflect.NativeMethodAccessorImpl.invoke0(Native Method)
	at sun.reflect.NativeMethodAccessorImpl.invoke(Unknown Source)
	at sun.reflect.DelegatingMethodAccessorImpl.invoke(Unknown Source)
	at java.lang.reflect.Method.invoke(Unknown Source)
	at org.openqa.selenium.support.pagefactory.internal.LocatingElementHandler.invoke(LocatingElementHandler.java:51)
	at com.sun.proxy.$Proxy12.click(Unknown Source)
	at com.promoapp.qa.pages.LoginPage.clickOnLoginBTN(LoginPage.java:80)
	at com.promoapp.qa.testcases.TestLoginPage.login_Test(TestLoginPage.java:34)
	at sun.reflect.NativeMethodAccessorImpl.invoke0(Native Method)
	at sun.reflect.NativeMethodAccessorImpl.invoke(Unknown Source)
	at sun.reflect.DelegatingMethodAccessorImpl.invoke(Unknown Source)
	at java.lang.reflect.Method.invoke(Unknown Source)
	at org.testng.internal.MethodInvocationHelper.invokeMethod(MethodInvocationHelper.java:108)
	at org.testng.internal.Invoker.invokeMethod(Invoker.java:661)
	at org.testng.internal.Invoker.invokeTestMethod(Invoker.java:869)
	at org.testng.internal.Invoker.invokeTestMethods(Invoker.java:1193)
	at org.testng.internal.TestMethodWorker.invokeTestMethods(TestMethodWorker.java:126)
	at org.testng.internal.TestMethodWorker.run(TestMethodWorker.java:109)
	at org.testng.TestRunner.privateRun(TestRunner.java:744)
	at org.testng.TestRunner.run(TestRunner.java:602)
	at org.testng.SuiteRunner.runTest(SuiteRunner.java:380)
	at org.testng.SuiteRunner.runSequentially(SuiteRunner.java:375)
	at org.testng.SuiteRunner.privateRun(SuiteRunner.java:340)
	at org.testng.SuiteRunner.run(SuiteRunner.java:289)
	at org.testng.SuiteRunnerWorker.runSuite(SuiteRunnerWorker.java:52)
	at org.testng.SuiteRunnerWorker.run(SuiteRunnerWorker.java:86)
	at org.testng.TestNG.runSuitesSequentially(TestNG.java:1301)
	at org.testng.TestNG.runSuitesLocally(TestNG.java:1226)
	at org.testng.TestNG.runSuites(TestNG.java:1144)
	at org.testng.TestNG.run(TestNG.java:1115)
	at org.testng.remote.AbstractRemoteTestNG.run(AbstractRemoteTestNG.java:115)
	at org.testng.remote.RemoteTestNG.initAndRun(RemoteTestNG.java:251)
	at org.testng.remote.RemoteTestNG.main(RemoteTestNG.java:77)
]]>
            </full-stacktrace>
          </exception> <!-- org.openqa.selenium.ElementClickInterceptedException -->
          <reporter-output>
          </reporter-output>
        </test-method> <!-- login_Test -->
        <test-method status="PASS" signature="closeBrowser(org.testng.ITestResult)[pri:0, instance:com.promoapp.qa.testcases.TestLoginPage@1ffe63b9]" name="closeBrowser" is-config="true" duration-ms="869" started-at="2020-10-01T16:19:14Z" finished-at="2020-10-01T16:19:14Z">
          <params>
            <param index="0">
              <value>
                <![CDATA[[TestResult name=login_Test status=FAILURE method=TestLoginPage.login_Test()[pri:0, instance:com.promoapp.qa.testcases.TestLoginPage@1ffe63b9] output={null}]]]>
              </value>
            </param>
          </params>
          <reporter-output>
          </reporter-output>
        </test-method> <!-- closeBrowser -->
        <test-method status="PASS" signature="ab()[pri:0, instance:com.promoapp.qa.testcases.TestLoginPage@1ffe63b9]" name="ab" is-config="true" duration-ms="1" started-at="2020-10-01T16:19:14Z" finished-at="2020-10-01T16:19:14Z">
          <reporter-output>
          </reporter-output>
        </test-method> <!-- ab -->
      </class> <!-- com.promoapp.qa.testcases.TestLoginPage -->
    </test> <!-- Test -->
  </suite> <!-- Suite -->
</testng-results>
